2025-08-28 23:24:36,772 INFO sqlalchemy.engine.Engine select pg_catalog.version()
2025-08-28 23:24:36,773 INFO sqlalchemy.engine.Engine [raw sql] {}
2025-08-28 23:24:36,775 INFO sqlalchemy.engine.Engine select current_schema()
2025-08-28 23:24:36,775 INFO sqlalchemy.engine.Engine [raw sql] {}
2025-08-28 23:24:36,776 INFO sqlalchemy.engine.Engine show standard_conforming_strings
2025-08-28 23:24:36,777 INFO sqlalchemy.engine.Engine [raw sql] {}
2025-08-28 23:24:36,778 INFO sqlalchemy.engine.Engine BEGIN (implicit)
2025-08-28 23:24:36,781 INFO sqlalchemy.engine.Engine SELECT pg_catalog.pg_class.relname 
FROM pg_catalog.pg_class JOIN pg_catalog.pg_namespace ON pg_catalog.pg_namespace.oid = pg_catalog.pg_class.relnamespace 
WHERE pg_catalog.pg_class.relname = %(table_name)s AND pg_catalog.pg_class.relkind = ANY (ARRAY[%(param_1)s, %(param_2)s, %(param_3)s, %(param_4)s, %(param_5)s]) AND pg_catalog.pg_table_is_visible(pg_catalog.pg_class.oid) AND pg_catalog.pg_namespace.nspname != %(nspname_1)s
2025-08-28 23:24:36,795 INFO sqlalchemy.engine.Engine [generated in 0.01352s] {'table_name': 'cat_breeds', 'param_1': 'r', 'param_2': 'p', 'param_3': 'f', 'param_4': 'v', 'param_5': 'm', 'nspname_1': 'pg_catalog'}
2025-08-28 23:24:36,799 INFO sqlalchemy.engine.Engine COMMIT
2025-08-28 23:24:36,800 INFO app.main Starting CatDog API application
2025-08-28 23:24:52,152 INFO app.api.cat Listing all cat breeds
2025-08-28 23:24:52,154 INFO app.crud Querying all cat breeds from database
2025-08-28 23:24:52,158 INFO sqlalchemy.engine.Engine BEGIN (implicit)
2025-08-28 23:24:52,163 INFO sqlalchemy.engine.Engine SELECT cat_breeds.id AS cat_breeds_id, cat_breeds.breed AS cat_breeds_breed, cat_breeds.origin AS cat_breeds_origin, cat_breeds.type AS cat_breeds_type, cat_breeds.body_type AS cat_breeds_body_type, cat_breeds.coat_type_length AS cat_breeds_coat_type_length, cat_breeds.coat_pattern AS cat_breeds_coat_pattern, cat_breeds.image AS cat_breeds_image 
FROM cat_breeds ORDER BY cat_breeds.breed ASC
2025-08-28 23:24:52,164 INFO sqlalchemy.engine.Engine [generated in 0.00115s] {}
2025-08-28 23:24:52,173 INFO sqlalchemy.engine.Engine ROLLBACK
2025-08-28 23:25:46,504 INFO app.api.cat fetching breed: Siamese
2025-08-28 23:25:46,507 INFO app.crud Querying cat breed by name: Siamese
2025-08-28 23:25:46,509 INFO sqlalchemy.engine.Engine BEGIN (implicit)
2025-08-28 23:25:46,511 INFO sqlalchemy.engine.Engine SELECT cat_breeds.id AS cat_breeds_id, cat_breeds.breed AS cat_breeds_breed, cat_breeds.origin AS cat_breeds_origin, cat_breeds.type AS cat_breeds_type, cat_breeds.body_type AS cat_breeds_body_type, cat_breeds.coat_type_length AS cat_breeds_coat_type_length, cat_breeds.coat_pattern AS cat_breeds_coat_pattern, cat_breeds.image AS cat_breeds_image 
FROM cat_breeds 
WHERE cat_breeds.breed ILIKE %(breed_1)s 
 LIMIT %(param_1)s
2025-08-28 23:25:46,512 INFO sqlalchemy.engine.Engine [generated in 0.00119s] {'breed_1': 'Siamese', 'param_1': 1}
2025-08-28 23:25:46,516 INFO sqlalchemy.engine.Engine ROLLBACK
